2026-05-01 07:06:05,924 - ERROR - ❌ ClawRouter not available: HTTPConnectionPool(host='localhost', port=4000): Read timed out. (read timeout=5)
2026-05-01 07:06:05,924 - INFO -    Start ClawRouter: clawrouter start --port 4000
2026-05-01 07:06:05,924 - INFO - ✓ ClawRouter connected (timeout: 300s for HIGH tier)
2026-05-01 07:06:05,925 - INFO - ✓ Ladder integration loaded via importlib
2026-05-01 07:06:05,925 - INFO - Enhanced Researcher v4 initialized with 4 custom agents
2026-05-01 07:06:05,925 - INFO - GitPublisher initialized: repo=/home/ubuntu/clawd/tresowealth-beta-site, default_branch=demo
2026-05-01 07:06:05,925 - INFO - Steve v6 Complete Processor initialized
2026-05-01 07:06:05,925 - INFO - 
2026-05-01 07:06:05,926 - INFO - ================================================================================
2026-05-01 07:06:05,926 - INFO - STEVE V6 COMPLETE WORKFLOW - ONE-TIME BATCH PROCESSOR
2026-05-01 07:06:05,926 - INFO - ================================================================================
2026-05-01 07:06:05,926 - INFO - Purpose: Initial population of 41 articles
2026-05-01 07:06:05,926 - INFO - After this: Steve v6 runs automatically per content strategy
2026-05-01 07:06:05,926 - INFO - 
2026-05-01 07:06:05,926 - INFO - ================================================================================
2026-05-01 07:06:05,926 - INFO - STAGE 1: INTAKE
2026-05-01 07:06:05,926 - INFO - ================================================================================
2026-05-01 07:06:05,929 - INFO - Discovered 41 articles (excluding .backup.html)
2026-05-01 07:06:05,929 - INFO - Processing 41 articles through 7-stage workflow
2026-05-01 07:06:05,929 - INFO - 
2026-05-01 07:06:05,929 - INFO - 
[1/41]
2026-05-01 07:06:05,929 - INFO - 
2026-05-01 07:06:05,929 - INFO - ================================================================================
2026-05-01 07:06:05,929 - INFO - PROCESSING: gift-city-products/category-1-alternatives.html
2026-05-01 07:06:05,929 - INFO - ================================================================================
2026-05-01 07:06:05,929 - INFO - STAGE 2: RESEARCH - GIFT CITY Category I AIFs: Venture Capital & Start...
2026-05-01 07:06:05,929 - INFO - Starting enhanced research: GIFT CITY Category I AIFs: Venture Capital & Startups  
2026-05-01 07:06:05,929 - INFO - Running statistics agent...
2026-05-01 07:06:05,929 - INFO - StatisticsHunterAgent starting research on: GIFT CITY Category I AIFs: Venture Capital & Startups  
2026-05-01 07:06:05,930 - INFO - StatisticsHunterAgent executing 5 search queries
2026-05-01 07:06:05,930 - INFO - Running regulatory agent...
2026-05-01 07:06:05,930 - INFO - RegulatoryDetectiveAgent starting research on: GIFT CITY Category I AIFs: Venture Capital & Startups  
2026-05-01 07:06:05,930 - INFO - RegulatoryDetectiveAgent executing 5 search queries
2026-05-01 07:06:05,930 - INFO - Running benchmark agent...
2026-05-01 07:06:05,930 - INFO - BenchmarkAnalystAgent starting research on: GIFT CITY Category I AIFs: Venture Capital & Startups  
2026-05-01 07:06:05,930 - INFO - BenchmarkAnalystAgent executing 5 search queries
2026-05-01 07:06:05,930 - INFO - Running case_study agent...
2026-05-01 07:06:05,930 - INFO - CaseStudyExplorerAgent starting research on: GIFT CITY Category I AIFs: Venture Capital & Startups  
2026-05-01 07:06:05,930 - INFO - CaseStudyExplorerAgent executing 5 search queries
2026-05-01 07:06:06,396 - INFO - StatisticsHunterAgent: 0 sources for 'GIFT CITY Category I AIFs: Venture Capit...'
2026-05-01 07:06:06,401 - INFO - BenchmarkAnalystAgent: 0 sources for 'GIFT CITY Category I AIFs: Venture Capit...'
2026-05-01 07:06:06,405 - INFO - RegulatoryDetectiveAgent: 0 sources for 'GIFT CITY Category I AIFs: Venture Capit...'
2026-05-01 07:06:06,408 - INFO - CaseStudyExplorerAgent: 0 sources for 'GIFT CITY Category I AIFs: Venture Capit...'
2026-05-01 07:06:06,638 - INFO - StatisticsHunterAgent: 0 sources for 'GIFT CITY Category I AIFs: Venture Capit...'
2026-05-01 07:06:06,649 - INFO - CaseStudyExplorerAgent: 0 sources for 'GIFT CITY Category I AIFs: Venture Capit...'
2026-05-01 07:06:06,656 - INFO - BenchmarkAnalystAgent: 0 sources for 'GIFT CITY Category I AIFs: Venture Capit...'
2026-05-01 07:06:06,671 - INFO - RegulatoryDetectiveAgent: 0 sources for 'GIFT CITY Category I AIFs: Venture Capit...'
2026-05-01 07:06:06,850 - INFO - StatisticsHunterAgent: 0 sources for 'GIFT CITY Category I AIFs: Venture Capit...'
2026-05-01 07:06:06,867 - INFO - BenchmarkAnalystAgent: 0 sources for 'GIFT CITY Category I AIFs: Venture Capit...'
2026-05-01 07:06:06,874 - INFO - CaseStudyExplorerAgent: 0 sources for 'GIFT CITY Category I AIFs: Venture Capit...'
2026-05-01 07:06:06,881 - INFO - RegulatoryDetectiveAgent: 0 sources for 'GIFT CITY Category I AIFs: Venture Capit...'
2026-05-01 07:06:07,054 - INFO - StatisticsHunterAgent: 0 sources for 'GIFT CITY Category I AIFs: Venture Capit...'
2026-05-01 07:06:07,079 - INFO - CaseStudyExplorerAgent: 0 sources for 'GIFT CITY Category I AIFs: Venture Capit...'
2026-05-01 07:06:07,098 - INFO - RegulatoryDetectiveAgent: 0 sources for 'GIFT CITY Category I AIFs: Venture Capit...'
2026-05-01 07:06:07,120 - INFO - BenchmarkAnalystAgent: 0 sources for 'GIFT CITY Category I AIFs: Venture Capit...'
2026-05-01 07:06:07,261 - INFO - StatisticsHunterAgent: 0 sources for 'GIFT CITY Category I AIFs: Venture Capit...'
2026-05-01 07:06:07,261 - WARNING - StatisticsHunterAgent: No findings from sources, using ClawRouter fallback
2026-05-01 07:06:07,261 - INFO - 🔄 Routing to HIGH tier: 
Find 5-10 specific statistics about GIFT CITY Cat...
2026-05-01 07:06:07,280 - INFO - CaseStudyExplorerAgent: 0 sources for 'GIFT CITY Category I AIFs: Venture Capit...'
2026-05-01 07:06:07,280 - WARNING - CaseStudyExplorerAgent: No findings from sources, using ClawRouter fallback
2026-05-01 07:06:07,280 - INFO - 🔄 Routing to HIGH tier: 
Find specific case studies and real examples for ...
2026-05-01 07:06:07,298 - INFO - RegulatoryDetectiveAgent: 0 sources for 'GIFT CITY Category I AIFs: Venture Capit...'
2026-05-01 07:06:07,298 - WARNING - RegulatoryDetectiveAgent: No findings from sources, using ClawRouter fallback
2026-05-01 07:06:07,298 - INFO - 🔄 Routing to HIGH tier: 
Find specific SEBI and IFSCA regulatory reference...
2026-05-01 07:06:07,338 - INFO - BenchmarkAnalystAgent: 0 sources for 'GIFT CITY Category I AIFs: Venture Capit...'
2026-05-01 07:06:07,338 - WARNING - BenchmarkAnalystAgent: No findings from sources, using ClawRouter fallback
2026-05-01 07:06:07,338 - INFO - 🔄 Routing to HIGH tier: 
Find industry benchmarks and comparisons for GIFT...
2026-05-01 07:08:39,453 - INFO - ✅ Response from z.ai: glm-5.1
2026-05-01 07:08:39,455 - INFO - StatisticsHunterAgent: ClawRouter fallback returned 5 findings
2026-05-01 07:08:39,455 - INFO - StatisticsHunterAgent: Extracted 5 total findings
2026-05-01 07:08:40,161 - INFO - statistics agent completed: 5 findings
2026-05-01 07:10:07,497 - INFO - ✅ Response from z.ai: glm-5.1
2026-05-01 07:10:07,498 - INFO - CaseStudyExplorerAgent: ClawRouter fallback returned 3 findings
2026-05-01 07:10:07,498 - INFO - CaseStudyExplorerAgent: Extracted 3 total findings
2026-05-01 07:10:07,917 - INFO - case_study agent completed: 3 findings
2026-05-01 07:11:07,373 - WARNING - ⏱️ Timeout on attempt 1, retrying in 1.0s...
2026-05-01 07:11:07,424 - WARNING - ⏱️ Timeout on attempt 1, retrying in 1.0s...
2026-05-01 07:11:08,374 - INFO - 🔄 Routing to HIGH tier: 
Find specific SEBI and IFSCA regulatory reference...
2026-05-01 07:11:08,425 - INFO - 🔄 Routing to HIGH tier: 
Find industry benchmarks and comparisons for GIFT...
2026-05-01 07:15:10,248 - INFO - ✅ Response from z.ai: glm-5.1
2026-05-01 07:15:10,252 - INFO - RegulatoryDetectiveAgent: ClawRouter fallback returned 5 findings
2026-05-01 07:15:10,252 - INFO - RegulatoryDetectiveAgent: Extracted 5 total findings
2026-05-01 07:15:11,395 - INFO - regulatory agent completed: 5 findings
2026-05-01 07:16:08,475 - WARNING - ⏱️ Timeout on attempt 2, retrying in 2.0s...
2026-05-01 07:16:10,476 - INFO - 🔄 Routing to HIGH tier: 
Find industry benchmarks and comparisons for GIFT...
2026-05-01 07:17:42,233 - INFO - ✅ Response from z.ai: glm-5.1
2026-05-01 07:17:42,234 - INFO - BenchmarkAnalystAgent: ClawRouter fallback returned 3 findings
2026-05-01 07:17:42,234 - INFO - BenchmarkAnalystAgent: Extracted 3 total findings
2026-05-01 07:17:42,784 - INFO - benchmark agent completed: 3 findings
2026-05-01 07:17:42,784 - INFO - Collected 0 unique sources from web searches
2026-05-01 07:17:42,784 - INFO - Collected 0 unique sources from web searches
2026-05-01 07:17:42,784 - INFO - Enhanced research complete: 16 findings in 696.9s
2026-05-01 07:17:42,784 - INFO -   ✓ Research: 16 findings
2026-05-01 07:17:42,784 - INFO - STAGE 3: DRAFT
2026-05-01 07:17:42,784 - INFO - 🔄 Routing to HIGH tier: 
Write a comprehensive 1500-2000 word article on: ...
2026-05-01 07:19:45,604 - INFO - ✅ Response from z.ai: glm-5.1
2026-05-01 07:19:45,604 - INFO -   ✓ Draft: 2061 words
2026-05-01 07:19:45,605 - INFO - STAGE 4: VALIDATE
2026-05-01 07:19:45,611 - WARNING -   Citation check failed: No module named 'quality_gate'
2026-05-01 07:19:45,611 - INFO -   ✓ Validation: RISA 963/1000, Brand 88.0/100
2026-05-01 07:19:45,611 - INFO - STAGE 5: PACKAGE
2026-05-01 07:19:45,611 - INFO -   ✓ Packaged
2026-05-01 07:19:45,611 - INFO - STAGE 6: APPROVE
2026-05-01 07:19:45,611 - INFO -   ✓ Approved: 9.5/10
2026-05-01 07:19:45,611 - INFO - STAGE 7: PUBLISH
2026-05-01 07:19:45,650 - ERROR -   ✗ Publish failed: 'SteveV6CompleteProcessor' object has no attribute '_generate_sources_section'
2026-05-01 07:19:45,651 - INFO - 
[2/41]
2026-05-01 07:19:45,651 - INFO - 
2026-05-01 07:19:45,651 - INFO - ================================================================================
2026-05-01 07:19:45,651 - INFO - PROCESSING: gift-city-products/gift-city-aif-products.html
2026-05-01 07:19:45,651 - INFO - ================================================================================
2026-05-01 07:19:45,651 - INFO - STAGE 2: RESEARCH - GIFT CITY Products: Your Gateway to India's Growth...
2026-05-01 07:19:45,651 - INFO - Starting enhanced research: GIFT CITY Products: Your Gateway to India's Growth | Complete Guide [2026] 
2026-05-01 07:19:45,651 - INFO - Running statistics agent...
2026-05-01 07:19:45,651 - INFO - Running regulatory agent...
2026-05-01 07:19:45,651 - INFO - StatisticsHunterAgent starting research on: GIFT CITY Products: Your Gateway to India's Growth | Complete Guide [2026] 
2026-05-01 07:19:45,651 - INFO - RegulatoryDetectiveAgent starting research on: GIFT CITY Products: Your Gateway to India's Growth | Complete Guide [2026] 
2026-05-01 07:19:45,651 - INFO - RegulatoryDetectiveAgent executing 5 search queries
2026-05-01 07:19:45,651 - INFO - StatisticsHunterAgent executing 5 search queries
2026-05-01 07:19:45,651 - INFO - Running benchmark agent...
2026-05-01 07:19:45,652 - INFO - BenchmarkAnalystAgent starting research on: GIFT CITY Products: Your Gateway to India's Growth | Complete Guide [2026] 
2026-05-01 07:19:45,652 - INFO - Running case_study agent...
2026-05-01 07:19:45,652 - INFO - BenchmarkAnalystAgent executing 5 search queries
2026-05-01 07:19:45,652 - INFO - CaseStudyExplorerAgent starting research on: GIFT CITY Products: Your Gateway to India's Growth | Complete Guide [2026] 
2026-05-01 07:19:45,652 - INFO - CaseStudyExplorerAgent executing 5 search queries
2026-05-01 07:19:45,888 - INFO - RegulatoryDetectiveAgent: 0 sources for 'GIFT CITY Products: Your Gateway to Indi...'
2026-05-01 07:19:45,894 - INFO - BenchmarkAnalystAgent: 0 sources for 'GIFT CITY Products: Your Gateway to Indi...'
2026-05-01 07:19:45,901 - INFO - StatisticsHunterAgent: 0 sources for 'GIFT CITY Products: Your Gateway to Indi...'
2026-05-01 07:19:45,905 - INFO - CaseStudyExplorerAgent: 0 sources for 'GIFT CITY Products: Your Gateway to Indi...'
2026-05-01 07:19:46,102 - INFO - RegulatoryDetectiveAgent: 0 sources for 'GIFT CITY Products: Your Gateway to Indi...'
2026-05-01 07:19:46,193 - INFO - BenchmarkAnalystAgent: 0 sources for 'GIFT CITY Products: Your Gateway to Indi...'
2026-05-01 07:19:46,197 - INFO - StatisticsHunterAgent: 0 sources for 'GIFT CITY Products: Your Gateway to Indi...'
2026-05-01 07:19:46,202 - INFO - CaseStudyExplorerAgent: 0 sources for 'GIFT CITY Products: Your Gateway to Indi...'
2026-05-01 07:19:46,315 - INFO - RegulatoryDetectiveAgent: 0 sources for 'GIFT CITY Products: Your Gateway to Indi...'
2026-05-01 07:19:46,415 - INFO - BenchmarkAnalystAgent: 0 sources for 'GIFT CITY Products: Your Gateway to Indi...'
2026-05-01 07:19:46,424 - INFO - CaseStudyExplorerAgent: 0 sources for 'GIFT CITY Products: Your Gateway to Indi...'
2026-05-01 07:19:46,428 - INFO - StatisticsHunterAgent: 0 sources for 'GIFT CITY Products: Your Gateway to Indi...'
2026-05-01 07:19:46,523 - INFO - RegulatoryDetectiveAgent: 0 sources for 'GIFT CITY Products: Your Gateway to Indi...'
2026-05-01 07:19:46,654 - INFO - CaseStudyExplorerAgent: 0 sources for 'GIFT CITY Products: Your Gateway to Indi...'
2026-05-01 07:19:46,659 - INFO - BenchmarkAnalystAgent: 0 sources for 'GIFT CITY Products: Your Gateway to Indi...'
2026-05-01 07:19:46,662 - INFO - StatisticsHunterAgent: 0 sources for 'GIFT CITY Products: Your Gateway to Indi...'
2026-05-01 07:19:46,733 - INFO - RegulatoryDetectiveAgent: 0 sources for 'GIFT CITY Products: Your Gateway to Indi...'
2026-05-01 07:19:46,733 - WARNING - RegulatoryDetectiveAgent: No findings from sources, using ClawRouter fallback
2026-05-01 07:19:46,733 - INFO - 🔄 Routing to HIGH tier: 
Find specific SEBI and IFSCA regulatory reference...
2026-05-01 07:19:46,872 - INFO - CaseStudyExplorerAgent: 0 sources for 'GIFT CITY Products: Your Gateway to Indi...'
2026-05-01 07:19:46,872 - WARNING - CaseStudyExplorerAgent: No findings from sources, using ClawRouter fallback
2026-05-01 07:19:46,872 - INFO - 🔄 Routing to HIGH tier: 
Find specific case studies and real examples for ...
2026-05-01 07:19:46,899 - INFO - BenchmarkAnalystAgent: 0 sources for 'GIFT CITY Products: Your Gateway to Indi...'
2026-05-01 07:19:46,899 - WARNING - BenchmarkAnalystAgent: No findings from sources, using ClawRouter fallback
2026-05-01 07:19:46,899 - INFO - 🔄 Routing to HIGH tier: 
Find industry benchmarks and comparisons for GIFT...
2026-05-01 07:19:46,906 - INFO - StatisticsHunterAgent: 0 sources for 'GIFT CITY Products: Your Gateway to Indi...'
2026-05-01 07:19:46,906 - WARNING - StatisticsHunterAgent: No findings from sources, using ClawRouter fallback
2026-05-01 07:19:46,906 - INFO - 🔄 Routing to HIGH tier: 
Find 5-10 specific statistics about GIFT CITY Pro...
2026-05-01 07:21:25,191 - INFO - ✅ Response from z.ai: glm-5.1
2026-05-01 07:21:25,193 - INFO - RegulatoryDetectiveAgent: ClawRouter fallback returned 5 findings
2026-05-01 07:21:25,193 - INFO - RegulatoryDetectiveAgent: Extracted 5 total findings
2026-05-01 07:21:25,894 - INFO - regulatory agent completed: 5 findings
2026-05-01 07:23:22,408 - INFO - ✅ Response from z.ai: glm-5.1
2026-05-01 07:23:22,409 - INFO - CaseStudyExplorerAgent: ClawRouter fallback returned 3 findings
2026-05-01 07:23:22,409 - INFO - CaseStudyExplorerAgent: Extracted 3 total findings
2026-05-01 07:23:22,831 - INFO - case_study agent completed: 3 findings
2026-05-01 07:24:39,401 - INFO - ✅ Response from z.ai: glm-5.1
2026-05-01 07:24:39,402 - INFO - BenchmarkAnalystAgent: ClawRouter fallback returned 5 findings
2026-05-01 07:24:39,402 - INFO - BenchmarkAnalystAgent: Extracted 5 total findings
2026-05-01 07:24:39,791 - INFO - benchmark agent completed: 5 findings
2026-05-01 07:24:46,995 - WARNING - ⏱️ Timeout on attempt 1, retrying in 1.0s...
2026-05-01 07:24:47,996 - INFO - 🔄 Routing to HIGH tier: 
Find 5-10 specific statistics about GIFT CITY Pro...
2026-05-01 07:26:55,070 - INFO - ✅ Response from z.ai: glm-5.1
2026-05-01 07:26:55,071 - INFO - StatisticsHunterAgent: ClawRouter fallback returned 5 findings
2026-05-01 07:26:55,071 - INFO - StatisticsHunterAgent: Extracted 5 total findings
2026-05-01 07:26:55,717 - INFO - statistics agent completed: 5 findings
2026-05-01 07:26:55,717 - INFO - Collected 0 unique sources from web searches
2026-05-01 07:26:55,718 - INFO - Collected 0 unique sources from web searches
2026-05-01 07:26:55,718 - INFO - Enhanced research complete: 18 findings in 430.1s
2026-05-01 07:26:55,718 - INFO -   ✓ Research: 18 findings
2026-05-01 07:26:55,718 - INFO - STAGE 3: DRAFT
2026-05-01 07:26:55,718 - INFO - 🔄 Routing to HIGH tier: 
Write a comprehensive 1500-2000 word article on: ...
2026-05-01 07:28:53,316 - INFO - ✅ Response from z.ai: glm-5.1
2026-05-01 07:28:53,316 - INFO -   ✓ Draft: 1883 words
2026-05-01 07:28:53,316 - INFO - STAGE 4: VALIDATE
2026-05-01 07:28:53,322 - WARNING -   Citation check failed: No module named 'quality_gate'
2026-05-01 07:28:53,322 - INFO -   ✓ Validation: RISA 945/1000, Brand 88.0/100
2026-05-01 07:28:53,322 - INFO - STAGE 5: PACKAGE
2026-05-01 07:28:53,322 - INFO -   ✓ Packaged
2026-05-01 07:28:53,322 - INFO - STAGE 6: APPROVE
2026-05-01 07:28:53,322 - INFO -   ✓ Approved: 9.4/10
2026-05-01 07:28:53,322 - INFO - STAGE 7: PUBLISH
2026-05-01 07:28:53,328 - ERROR -   ✗ Publish failed: 'SteveV6CompleteProcessor' object has no attribute '_generate_sources_section'
2026-05-01 07:28:53,328 - INFO - 
[3/41]
2026-05-01 07:28:53,328 - INFO - 
2026-05-01 07:28:53,328 - INFO - ================================================================================
2026-05-01 07:28:53,328 - INFO - PROCESSING: gift-city-products/how-to-invest.html
2026-05-01 07:28:53,328 - INFO - ================================================================================
2026-05-01 07:28:53,328 - INFO - STAGE 2: RESEARCH - How to Invest in GIFT CITY AIFs: Step-by-Step Guid...
2026-05-01 07:28:53,328 - INFO - Starting enhanced research: How to Invest in GIFT CITY AIFs: Step-by-Step Guide  
2026-05-01 07:28:53,329 - INFO - Running statistics agent...
2026-05-01 07:28:53,329 - INFO - Running regulatory agent...
2026-05-01 07:28:53,329 - INFO - RegulatoryDetectiveAgent starting research on: How to Invest in GIFT CITY AIFs: Step-by-Step Guide  
2026-05-01 07:28:53,329 - INFO - Running benchmark agent...
2026-05-01 07:28:53,329 - INFO - RegulatoryDetectiveAgent executing 5 search queries
2026-05-01 07:28:53,329 - INFO - StatisticsHunterAgent starting research on: How to Invest in GIFT CITY AIFs: Step-by-Step Guide  
2026-05-01 07:28:53,329 - INFO - BenchmarkAnalystAgent starting research on: How to Invest in GIFT CITY AIFs: Step-by-Step Guide  
2026-05-01 07:28:53,329 - INFO - Running case_study agent...
2026-05-01 07:28:53,329 - INFO - CaseStudyExplorerAgent starting research on: How to Invest in GIFT CITY AIFs: Step-by-Step Guide  
2026-05-01 07:28:53,329 - INFO - BenchmarkAnalystAgent executing 5 search queries
2026-05-01 07:28:53,329 - INFO - StatisticsHunterAgent executing 5 search queries
2026-05-01 07:28:53,329 - INFO - CaseStudyExplorerAgent executing 5 search queries
2026-05-01 07:28:53,752 - INFO - StatisticsHunterAgent: 0 sources for 'How to Invest in GIFT CITY AIFs: Step-by...'
2026-05-01 07:28:53,759 - INFO - CaseStudyExplorerAgent: 0 sources for 'How to Invest in GIFT CITY AIFs: Step-by...'
2026-05-01 07:28:53,828 - INFO - BenchmarkAnalystAgent: 0 sources for 'How to Invest in GIFT CITY AIFs: Step-by...'
2026-05-01 07:28:53,835 - INFO - RegulatoryDetectiveAgent: 0 sources for 'How to Invest in GIFT CITY AIFs: Step-by...'
2026-05-01 07:28:54,123 - INFO - StatisticsHunterAgent: 0 sources for 'How to Invest in GIFT CITY AIFs: Step-by...'
2026-05-01 07:28:54,163 - INFO - CaseStudyExplorerAgent: 0 sources for 'How to Invest in GIFT CITY AIFs: Step-by...'
2026-05-01 07:28:54,167 - INFO - BenchmarkAnalystAgent: 0 sources for 'How to Invest in GIFT CITY AIFs: Step-by...'
2026-05-01 07:28:54,232 - INFO - RegulatoryDetectiveAgent: 0 sources for 'How to Invest in GIFT CITY AIFs: Step-by...'
2026-05-01 07:28:54,402 - INFO - BenchmarkAnalystAgent: 0 sources for 'How to Invest in GIFT CITY AIFs: Step-by...'
2026-05-01 07:28:54,478 - INFO - StatisticsHunterAgent: 0 sources for 'How to Invest in GIFT CITY AIFs: Step-by...'
2026-05-01 07:28:54,500 - INFO - RegulatoryDetectiveAgent: 0 sources for 'How to Invest in GIFT CITY AIFs: Step-by...'
2026-05-01 07:28:54,566 - INFO - CaseStudyExplorerAgent: 0 sources for 'How to Invest in GIFT CITY AIFs: Step-by...'
2026-05-01 07:28:54,653 - INFO - BenchmarkAnalystAgent: 0 sources for 'How to Invest in GIFT CITY AIFs: Step-by...'
2026-05-01 07:28:54,812 - INFO - RegulatoryDetectiveAgent: 0 sources for 'How to Invest in GIFT CITY AIFs: Step-by...'
2026-05-01 07:28:54,815 - INFO - StatisticsHunterAgent: 0 sources for 'How to Invest in GIFT CITY AIFs: Step-by...'
2026-05-01 07:28:54,908 - INFO - CaseStudyExplorerAgent: 0 sources for 'How to Invest in GIFT CITY AIFs: Step-by...'
2026-05-01 07:28:55,074 - INFO - BenchmarkAnalystAgent: 0 sources for 'How to Invest in GIFT CITY AIFs: Step-by...'
2026-05-01 07:28:55,074 - WARNING - BenchmarkAnalystAgent: No findings from sources, using ClawRouter fallback
2026-05-01 07:28:55,074 - INFO - 🔄 Routing to HIGH tier: 
Find industry benchmarks and comparisons for How ...
2026-05-01 07:28:55,186 - INFO - RegulatoryDetectiveAgent: 0 sources for 'How to Invest in GIFT CITY AIFs: Step-by...'
2026-05-01 07:28:55,186 - WARNING - RegulatoryDetectiveAgent: No findings from sources, using ClawRouter fallback
2026-05-01 07:28:55,186 - INFO - 🔄 Routing to HIGH tier: 
Find specific SEBI and IFSCA regulatory reference...
2026-05-01 07:28:55,228 - INFO - StatisticsHunterAgent: 0 sources for 'How to Invest in GIFT CITY AIFs: Step-by...'
2026-05-01 07:28:55,229 - WARNING - StatisticsHunterAgent: No findings from sources, using ClawRouter fallback
2026-05-01 07:28:55,229 - INFO - 🔄 Routing to HIGH tier: 
Find 5-10 specific statistics about How to Invest...
2026-05-01 07:28:55,308 - INFO - CaseStudyExplorerAgent: 0 sources for 'How to Invest in GIFT CITY AIFs: Step-by...'
2026-05-01 07:28:55,308 - WARNING - CaseStudyExplorerAgent: No findings from sources, using ClawRouter fallback
2026-05-01 07:28:55,308 - INFO - 🔄 Routing to HIGH tier: 
Find specific case studies and real examples for ...
2026-05-01 07:30:15,076 - INFO - ✅ Response from z.ai: glm-5.1
2026-05-01 07:30:15,077 - INFO - BenchmarkAnalystAgent: ClawRouter fallback returned 5 findings
2026-05-01 07:30:15,077 - INFO - BenchmarkAnalystAgent: Extracted 5 total findings
2026-05-01 07:30:15,478 - INFO - benchmark agent completed: 5 findings
2026-05-01 07:31:44,705 - INFO - ✅ Response from z.ai: glm-5.1
2026-05-01 07:31:44,707 - INFO - RegulatoryDetectiveAgent: ClawRouter fallback returned 5 findings
2026-05-01 07:31:44,707 - INFO - RegulatoryDetectiveAgent: Extracted 5 total findings
2026-05-01 07:31:45,457 - INFO - regulatory agent completed: 5 findings
2026-05-01 07:32:50,201 - INFO - ✅ Response from z.ai: glm-5.1
2026-05-01 07:32:50,201 - INFO - StatisticsHunterAgent: ClawRouter fallback returned 6 findings
2026-05-01 07:32:50,201 - INFO - StatisticsHunterAgent: Extracted 6 total findings
2026-05-01 07:32:50,593 - INFO - statistics agent completed: 6 findings
2026-05-01 07:33:55,396 - WARNING - ⏱️ Timeout on attempt 1, retrying in 1.0s...
2026-05-01 07:33:56,397 - INFO - 🔄 Routing to HIGH tier: 
Find specific case studies and real examples for ...
